Дата и время: 2023-10-14  23:39
Функция hello_world:
Функция без параметров
Результат функции: Hello World
Время выполнения составило: 0:00:00.000145

Дата и время: 2023-10-14  23:39
Функция summator:
Параметры: (2, 2)
Результат функции: 4
Время выполнения составило: 0:00:00.020390

Дата и время: 2023-10-14  23:39
Функция div:
Параметры: (6, 2)
Результат функции: 3.0
Время выполнения составило: 0:00:00.000250

Дата и время: 2023-10-14  23:39
Функция summator:
Параметры функции:
 args = (4.3,)
 kwargs = dict_values([2.2])
Результат функции: 6.5
Время выполнения составило: 0:00:00.000093

Дата и время: 2023-10-14  23:39
Функция summator:
Параметры: {'a': 0, 'b': 0}
Результат функции: 0
Время выполнения составило: 0:00:00.000071

